{u'ScreenName': u'BetoORourke',
 u'Tweets': [{u'id': 1025016763732262912,
              u'lastActiveAtSeconds': 1533614405,
              u'promotedMetadata': {u'advertiserId': 342863309,
                                    u'political': True},
              u'serveable': True,
              u'tweetId': u'1025016763732262912'},
             {u'id': 1025016704546484224,
              u'lastActiveAtSeconds': 1533614405,
              u'promotedMetadata': {u'advertiserId': 342863309,
                                    u'political': True},
              u'serveable': True,
              u'tweetId': u'1025016704546484224'},
             {u'id': 1025042073743966208,
              u'lastActiveAtSeconds': 1533614405,
              u'promotedMetadata': {u'advertiserId': 342863309,
                                    u'political': True},
              u'serveable': True,
              u'tweetId': u'1025042073743966208'},
             {u'id': 1025042023773036546,
              u'lastActiveAtSeconds': 1533614405,
              u'promotedMetadata': {u'advertiserId': 342863309,
                                    u'political': True},
              u'serveable': True,
              u'tweetId': u'1025042023773036546'},
             {u'id': 1025041974322257920,
              u'lastActiveAtSeconds': 1533614405,
              u'promotedMetadata': {u'advertiserId': 342863309,
                                    u'political': True},
              u'serveable': True,
              u'tweetId': u'1025041974322257920'},
             {u'id': 1025041917598474240,
              u'lastActiveAtSeconds': 1533614405,
              u'promotedMetadata': {u'advertiserId': 342863309,
                                    u'political': True},
              u'serveable': True,
              u'tweetId': u'1025041917598474240'},
             {u'id': 1025016917956816899,
              u'lastActiveAtSeconds': 1533614405,
              u'promotedMetadata': {u'advertiserId': 342863309,
                                    u'political': True},
              u'serveable': True,
              u'tweetId': u'1025016917956816899'},
             {u'id': 1025016829142417408,
              u'lastActiveAtSeconds': 1533614405,
              u'promotedMetadata': {u'advertiserId': 342863309,
                                    u'political': True},
              u'serveable': True,
              u'tweetId': u'1025016829142417408'},
             {u'id': 1025017087423537152,
              u'lastActiveAtSeconds': 1533614403,
              u'promotedMetadata': {u'advertiserId': 342863309,
                                    u'political': True},
              u'serveable': True,
              u'tweetId': u'1025017087423537152'},
             {u'id': 1025017040686342144,
              u'lastActiveAtSeconds': 1533614403,
              u'promotedMetadata': {u'advertiserId': 342863309,
                                    u'political': True},
              u'serveable': True,
              u'tweetId': u'1025017040686342144'},
             {u'id': 1025017006733516800,
              u'lastActiveAtSeconds': 1533614403,
              u'promotedMetadata': {u'advertiserId': 342863309,
                                    u'political': True},
              u'serveable': True,
              u'tweetId': u'1025017006733516800'},
             {u'id': 1025042779095871490,
              u'lastActiveAtSeconds': 1533614403,
              u'promotedMetadata': {u'advertiserId': 342863309,
                                    u'political': True},
              u'serveable': True,
              u'tweetId': u'1025042779095871490'},
             {u'id': 1025025980086329345,
              u'lastActiveAtSeconds': 1533614403,
              u'promotedMetadata': {u'advertiserId': 342863309,
                                    u'political': True},
              u'serveable': True,
              u'tweetId': u'1025025980086329345'},
             {u'id': 1025025938696884227,
              u'lastActiveAtSeconds': 1533614403,
              u'promotedMetadata': {u'advertiserId': 342863309,
                                    u'political': True},
              u'serveable': True,
              u'tweetId': u'1025025938696884227'},
             {u'id': 1025025891351576576,
              u'lastActiveAtSeconds': 1533614403,
              u'promotedMetadata': {u'advertiserId': 342863309,
                                    u'political': True},
              u'serveable': True,
              u'tweetId': u'1025025891351576576'},
             {u'id': 1025025851665080321,
              u'lastActiveAtSeconds': 1533614403,
              u'promotedMetadata': {u'advertiserId': 342863309,
                                    u'political': True},
              u'serveable': True,
              u'tweetId': u'1025025851665080321'},
             {u'id': 1025042825434615808,
              u'lastActiveAtSeconds': 1533614403,
              u'promotedMetadata': {u'advertiserId': 342863309,
                                    u'political': True},
              u'serveable': True,
              u'tweetId': u'1025042825434615808'},
             {u'id': 1025017130708688896,
              u'lastActiveAtSeconds': 1533614403,
              u'promotedMetadata': {u'advertiserId': 342863309,
                                    u'political': True},
              u'serveable': True,
              u'tweetId': u'1025017130708688896'},
             {u'id': 1025042727128518656,
              u'lastActiveAtSeconds': 1533614403,
              u'promotedMetadata': {u'advertiserId': 342863309,
                                    u'political': True},
              u'serveable': True,
              u'tweetId': u'1025042727128518656'},
             {u'id': 1025042682324955136,
              u'lastActiveAtSeconds': 1533614403,
              u'promotedMetadata': {u'advertiserId': 342863309,
                                    u'political': True},
              u'serveable': True,
              u'tweetId': u'1025042682324955136'}],
 u'UserID': u'342863309'}
{u'ScreenName': u'RepDavidEPrice',
 u'Tweets': [{u'id': 1025076247993507840,
              u'lastActiveAtSeconds': 1533599959,
              u'promotedMetadata': {u'advertiserId': 155669457,
                                    u'political': False},
              u'serveable': True,
              u'tweetId': u'1025076247993507840'},
             {u'id': 1025070788712583168,
              u'lastActiveAtSeconds': 1533303677,
              u'promotedMetadata': {u'advertiserId': 155669457,
                                    u'political': False},
              u'serveable': True,
              u'tweetId': u'1025070788712583168'}],
 u'UserID': u'155669457'}
{u'ScreenName': u'BenCardinforMD',
 u'Tweets': [{u'id': 1025096473808187392,
              u'lastActiveAtSeconds': 1533338012,
              u'promotedMetadata': {u'advertiserId': 278094476,
                                    u'political': False},
              u'serveable': False,
              u'tweetId': u'1025096473808187392'},
             {u'id': 1025026283460288514,
              u'lastActiveAtSeconds': 1533338012,
              u'promotedMetadata': {u'advertiserId': 278094476,
                                    u'political': False},
              u'serveable': False,
              u'tweetId': u'1025026283460288514'},
             {u'id': 1025066842354864128,
              u'lastActiveAtSeconds': 1533338012,
              u'promotedMetadata': {u'advertiserId': 278094476,
                                    u'political': False},
              u'serveable': True,
              u'tweetId': u'1025066842354864128'}],
 u'UserID': u'278094476'}
{u'ScreenName': u'JohnKDelaney',
 u'Tweets': [{u'id': 1005167890687918081,
              u'lastActiveAtSeconds': 1533614396,
              u'promotedMetadata': {u'advertiserId': 426028646,
                                    u'political': False},
              u'serveable': True,
              u'tweetId': u'1005167890687918081'},
             {u'id': 1021636460397490176,
              u'lastActiveAtSeconds': 1533614396,
              u'promotedMetadata': {u'advertiserId': 426028646,
                                    u'political': False},
              u'serveable': True,
              u'tweetId': u'1021636460397490176'},
             {u'id': 1022912511211913221,
              u'lastActiveAtSeconds': 1533614396,
              u'promotedMetadata': {u'advertiserId': 426028646,
                                    u'political': False},
              u'serveable': True,
              u'tweetId': u'1022912511211913221'},
             {u'id': 1022912572801077248,
              u'lastActiveAtSeconds': 1533614396,
              u'promotedMetadata': {u'advertiserId': 426028646,
                                    u'political': False},
              u'serveable': True,
              u'tweetId': u'1022912572801077248'}],
 u'UserID': u'426028646'}
{u'ScreenName': u'McCaskill4MO',
 u'Tweets': [{u'id': 1026497232487493632,
              u'lastActiveAtSeconds': 1533592799,
              u'promotedMetadata': {u'advertiserId': 143103639,
                                    u'political': False},
              u'serveable': True,
              u'tweetId': u'1026497232487493632'}],
 u'UserID': u'143103639'}
{u'ScreenName': u'filthymcnasty',
 u'Tweets': [{u'id': 1023544978520383488,
              u'lastActiveAtSeconds': 1533086786,
              u'promotedMetadata': {u'advertiserId': 13942152,
                                    u'political': False},
              u'serveable': True,
              u'tweetId': u'1023544978520383488'},
             {u'id': 1023921033093500929,
              u'lastActiveAtSeconds': 1533086786,
              u'promotedMetadata': {u'advertiserId': 13942152,
                                    u'political': False},
              u'serveable': True,
              u'tweetId': u'1023921033093500929'}],
 u'UserID': u'13942152'}
{u'ScreenName': u'westernvinyl',
 u'Tweets': [{u'id': 1011630437406527495,
              u'lastActiveAtSeconds': 1533599990,
              u'promotedMetadata': {u'advertiserId': 20027083,
                                    u'political': False},
              u'serveable': True,
              u'tweetId': u'1011630437406527495'},
             {u'id': 1012332765143068674,
              u'lastActiveAtSeconds': 1533599990,
              u'promotedMetadata': {u'advertiserId': 20027083,
                                    u'political': False},
              u'serveable': True,
              u'tweetId': u'1012332765143068674'},
             {u'id': 1022815813735202816,
              u'lastActiveAtSeconds': 1533599990,
              u'promotedMetadata': {u'advertiserId': 20027083,
                                    u'political': False},
              u'serveable': True,
              u'tweetId': u'1022815813735202816'}],
 u'UserID': u'20027083'}
{u'ScreenName': u'JuliaBrownley26',
 u'Tweets': [{u'id': 1012414328518004736,
              u'lastActiveAtSeconds': 1533592786,
              u'promotedMetadata': {u'advertiserId': 1243902714,
                                    u'political': False},
              u'serveable': True,
              u'tweetId': u'1012414328518004736'},
             {u'id': 1012414328559943680,
              u'lastActiveAtSeconds': 1533592786,
              u'promotedMetadata': {u'advertiserId': 1243902714,
                                    u'political': False},
              u'serveable': True,
              u'tweetId': u'1012414328559943680'},
             {u'id': 1012414454930329600,
              u'lastActiveAtSeconds': 1533592786,
              u'promotedMetadata': {u'advertiserId': 1243902714,
                                    u'political': False},
              u'serveable': True,
              u'tweetId': u'1012414454930329600'},
             {u'id': 1012414831998013440,
              u'lastActiveAtSeconds': 1533592786,
              u'promotedMetadata': {u'advertiserId': 1243902714,
                                    u'political': False},
              u'serveable': True,
              u'tweetId': u'1012414831998013440'},
             {u'id': 1012414832925134849,
              u'lastActiveAtSeconds': 1533592786,
              u'promotedMetadata': {u'advertiserId': 1243902714,
                                    u'political': False},
              u'serveable': True,
              u'tweetId': u'1012414832925134849'},
             {u'id': 1012414833180979200,
              u'lastActiveAtSeconds': 1533592786,
              u'promotedMetadata': {u'advertiserId': 1243902714,
                                    u'political': False},
              u'serveable': True,
              u'tweetId': u'1012414833180979200'},
             {u'id': 1012414832543518720,
              u'lastActiveAtSeconds': 1533591928,
              u'promotedMetadata': {u'advertiserId': 1243902714,
                                    u'political': False},
              u'serveable': True,
              u'tweetId': u'1012414832543518720'},
             {u'id': 1012414581598277632,
              u'lastActiveAtSeconds': 1533591928,
              u'promotedMetadata': {u'advertiserId': 1243902714,
                                    u'political': False},
              u'serveable': True,
              u'tweetId': u'1012414581598277632'},
             {u'id': 1012414328610349058,
              u'lastActiveAtSeconds': 1533591928,
              u'promotedMetadata': {u'advertiserId': 1243902714,
                                    u'political': False},
              u'serveable': True,
              u'tweetId': u'1012414328610349058'},
             {u'id': 1012414455370670080,
              u'lastActiveAtSeconds': 1533591928,
              u'promotedMetadata': {u'advertiserId': 1243902714,
                                    u'political': False},
              u'serveable': True,
              u'tweetId': u'1012414455370670080'}],
 u'UserID': u'1243902714'}
{u'ScreenName': u'TeamHeinrich',
 u'Tweets': [{u'id': 1023960637360111616,
              u'lastActiveAtSeconds': 1533259343,
              u'promotedMetadata': {u'advertiserId': 183062944,
                                    u'political': False},
              u'serveable': True,
              u'tweetId': u'1023960637360111616'}],
 u'UserID': u'183062944'}
{u'ScreenName': u'JanzforCongress',
 u'Tweets': [{u'id': 1025097686108651520,
              u'lastActiveAtSeconds': 1533356123,
              u'promotedMetadata': {u'advertiserId': 856596564516651008,
                                    u'political': False},
              u'serveable': True,
              u'tweetId': u'1025097686108651520'}],
 u'UserID': u'856596564516651008'}
{u'ScreenName': u'AdamSchiffCA',
 u'Tweets': [{u'id': 1025731529148776448,
              u'lastActiveAtSeconds': 1533614394,
              u'promotedMetadata': {u'advertiserId': 133028836,
                                    u'political': True},
              u'serveable': True,
              u'tweetId': u'1025731529148776448'},
             {u'id': 1026458371619094528,
              u'lastActiveAtSeconds': 1533614394,
              u'promotedMetadata': {u'advertiserId': 133028836,
                                    u'political': True},
              u'serveable': True,
              u'tweetId': u'1026458371619094528'},
             {u'id': 1025731727577079810,
              u'lastActiveAtSeconds': 1533614394,
              u'promotedMetadata': {u'advertiserId': 133028836,
                                    u'political': True},
              u'serveable': True,
              u'tweetId': u'1025731727577079810'},
             {u'id': 1025731634983653376,
              u'lastActiveAtSeconds': 1533614394,
              u'promotedMetadata': {u'advertiserId': 133028836,
                                    u'political': True},
              u'serveable': True,
              u'tweetId': u'1025731634983653376'},
             {u'id': 1026563117428297728,
              u'lastActiveAtSeconds': 1533614393,
              u'promotedMetadata': {u'advertiserId': 133028836,
                                    u'political': True},
              u'serveable': True,
              u'tweetId': u'1026563117428297728'},
             {u'id': 1026563149057613826,
              u'lastActiveAtSeconds': 1533614393,
              u'promotedMetadata': {u'advertiserId': 133028836,
                                    u'political': True},
              u'serveable': True,
              u'tweetId': u'1026563149057613826'},
             {u'id': 1026563199544451073,
              u'lastActiveAtSeconds': 1533614393,
              u'promotedMetadata': {u'advertiserId': 133028836,
                                    u'political': True},
              u'serveable': True,
              u'tweetId': u'1026563199544451073'},
             {u'id': 1026563223057719297,
              u'lastActiveAtSeconds': 1533614393,
              u'promotedMetadata': {u'advertiserId': 133028836,
                                    u'political': True},
              u'serveable': True,
              u'tweetId': u'1026563223057719297'},
             {u'id': 1026563263679553536,
              u'lastActiveAtSeconds': 1533614393,
              u'promotedMetadata': {u'advertiserId': 133028836,
                                    u'political': True},
              u'serveable': True,
              u'tweetId': u'1026563263679553536'},
             {u'id': 1026563286685310977,
              u'lastActiveAtSeconds': 1533614393,
              u'promotedMetadata': {u'advertiserId': 133028836,
                                    u'political': True},
              u'serveable': True,
              u'tweetId': u'1026563286685310977'},
             {u'id': 1026560666327506947,
              u'lastActiveAtSeconds': 1533614390,
              u'promotedMetadata': {u'advertiserId': 133028836,
                                    u'political': True},
              u'serveable': True,
              u'tweetId': u'1026560666327506947'},
             {u'id': 1026560909064462336,
              u'lastActiveAtSeconds': 1533614390,
              u'promotedMetadata': {u'advertiserId': 133028836,
                                    u'political': True},
              u'serveable': True,
              u'tweetId': u'1026560909064462336'},
             {u'id': 1026560866982998016,
              u'lastActiveAtSeconds': 1533614390,
              u'promotedMetadata': {u'advertiserId': 133028836,
                                    u'political': True},
              u'serveable': True,
              u'tweetId': u'1026560866982998016'},
             {u'id': 1026560818337538049,
              u'lastActiveAtSeconds': 1533614390,
              u'promotedMetadata': {u'advertiserId': 133028836,
                                    u'political': True},
              u'serveable': True,
              u'tweetId': u'1026560818337538049'},
             {u'id': 1026560772128878594,
              u'lastActiveAtSeconds': 1533614390,
              u'promotedMetadata': {u'advertiserId': 133028836,
                                    u'political': True},
              u'serveable': True,
              u'tweetId': u'1026560772128878594'},
             {u'id': 1026560723328163842,
              u'lastActiveAtSeconds': 1533614390,
              u'promotedMetadata': {u'advertiserId': 133028836,
                                    u'political': True},
              u'serveable': True,
              u'tweetId': u'1026560723328163842'},
             {u'id': 1026561598687784960,
              u'lastActiveAtSeconds': 1533614387,
              u'promotedMetadata': {u'advertiserId': 133028836,
                                    u'political': True},
              u'serveable': True,
              u'tweetId': u'1026561598687784960'},
             {u'id': 1026561782494711808,
              u'lastActiveAtSeconds': 1533614387,
              u'promotedMetadata': {u'advertiserId': 133028836,
                                    u'political': True},
              u'serveable': True,
              u'tweetId': u'1026561782494711808'},
             {u'id': 1026561762198519809,
              u'lastActiveAtSeconds': 1533614387,
              u'promotedMetadata': {u'advertiserId': 133028836,
                                    u'political': True},
              u'serveable': True,
              u'tweetId': u'1026561762198519809'},
             {u'id': 1026561707206893569,
              u'lastActiveAtSeconds': 1533614387,
              u'promotedMetadata': {u'advertiserId': 133028836,
                                    u'political': True},
              u'serveable': True,
              u'tweetId': u'1026561707206893569'}],
 u'UserID': u'133028836'}
{u'ScreenName': u'jontester',
 u'Tweets': [{u'id': 1022581995283468289,
              u'lastActiveAtSeconds': 1532775108,
              u'promotedMetadata': {u'advertiserId': 16473577,
                                    u'political': True},
              u'serveable': True,
              u'tweetId': u'1022581995283468289'},
             {u'id': 1022582612995371008,
              u'lastActiveAtSeconds': 1532775108,
              u'promotedMetadata': {u'advertiserId': 16473577,
                                    u'political': True},
              u'serveable': True,
              u'tweetId': u'1022582612995371008'},
             {u'id': 1022582649326452736,
              u'lastActiveAtSeconds': 1532775108,
              u'promotedMetadata': {u'advertiserId': 16473577,
                                    u'political': True},
              u'serveable': True,
              u'tweetId': u'1022582649326452736'},
             {u'id': 1022582684831248384,
              u'lastActiveAtSeconds': 1532775108,
              u'promotedMetadata': {u'advertiserId': 16473577,
                                    u'political': True},
              u'serveable': True,
              u'tweetId': u'1022582684831248384'},
             {u'id': 1022193280358830081,
              u'lastActiveAtSeconds': 1532709350,
              u'promotedMetadata': {u'advertiserId': 16473577,
                                    u'political': True},
              u'serveable': True,
              u'tweetId': u'1022193280358830081'}],
 u'UserID': u'16473577'}
{u'ScreenName': u'BLFF_org',
 u'Tweets': [{u'id': 1026533696696975360,
              u'lastActiveAtSeconds': 1533607201,
              u'promotedMetadata': {u'advertiserId': 3099266937,
                                    u'political': False},
              u'serveable': True,
              u'tweetId': u'1026533696696975360'}],
 u'UserID': u'3099266937'}
{u'ScreenName': u'tammybaldwin',
 u'Tweets': [{u'id': 1025392225176281090,
              u'lastActiveAtSeconds': 1533413798,
              u'promotedMetadata': {u'advertiserId': 87510313,
                                    u'political': True},
              u'serveable': True,
              u'tweetId': u'1025392225176281090'},
             {u'id': 1025392547705716736,
              u'lastActiveAtSeconds': 1533413798,
              u'promotedMetadata': {u'advertiserId': 87510313,
                                    u'political': True},
              u'serveable': True,
              u'tweetId': u'1025392547705716736'},
             {u'id': 1025392503069929476,
              u'lastActiveAtSeconds': 1533413798,
              u'promotedMetadata': {u'advertiserId': 87510313,
                                    u'political': True},
              u'serveable': True,
              u'tweetId': u'1025392503069929476'},
             {u'id': 1025392443082960899,
              u'lastActiveAtSeconds': 1533413798,
              u'promotedMetadata': {u'advertiserId': 87510313,
                                    u'political': True},
              u'serveable': True,
              u'tweetId': u'1025392443082960899'},
             {u'id': 1025392407049719808,
              u'lastActiveAtSeconds': 1533413798,
              u'promotedMetadata': {u'advertiserId': 87510313,
                                    u'political': True},
              u'serveable': True,
              u'tweetId': u'1025392407049719808'},
             {u'id': 1025393395655532545,
              u'lastActiveAtSeconds': 1533412307,
              u'promotedMetadata': {u'advertiserId': 87510313,
                                    u'political': True},
              u'serveable': True,
              u'tweetId': u'1025393395655532545'},
             {u'id': 1025393351036551169,
              u'lastActiveAtSeconds': 1533412307,
              u'promotedMetadata': {u'advertiserId': 87510313,
                                    u'political': True},
              u'serveable': True,
              u'tweetId': u'1025393351036551169'},
             {u'id': 1025393303645126656,
              u'lastActiveAtSeconds': 1533412307,
              u'promotedMetadata': {u'advertiserId': 87510313,
                                    u'political': True},
              u'serveable': True,
              u'tweetId': u'1025393303645126656'},
             {u'id': 1025393257096724480,
              u'lastActiveAtSeconds': 1533412307,
              u'promotedMetadata': {u'advertiserId': 87510313,
                                    u'political': True},
              u'serveable': True,
              u'tweetId': u'1025393257096724480'},
             {u'id': 1025393205779423233,
              u'lastActiveAtSeconds': 1533412307,
              u'promotedMetadata': {u'advertiserId': 87510313,
                                    u'political': True},
              u'serveable': True,
              u'tweetId': u'1025393205779423233'},
             {u'id': 1025394238526115840,
              u'lastActiveAtSeconds': 1533409949,
              u'promotedMetadata': {u'advertiserId': 87510313,
                                    u'political': True},
              u'serveable': True,
              u'tweetId': u'1025394238526115840'},
             {u'id': 1025394280314023936,
              u'lastActiveAtSeconds': 1533409949,
              u'promotedMetadata': {u'advertiserId': 87510313,
                                    u'political': True},
              u'serveable': True,
              u'tweetId': u'1025394280314023936'},
             {u'id': 1025394110369153030,
              u'lastActiveAtSeconds': 1533409949,
              u'promotedMetadata': {u'advertiserId': 87510313,
                                    u'political': True},
              u'serveable': True,
              u'tweetId': u'1025394110369153030'},
             {u'id': 1025394146981244928,
              u'lastActiveAtSeconds': 1533409949,
              u'promotedMetadata': {u'advertiserId': 87510313,
                                    u'political': True},
              u'serveable': True,
              u'tweetId': u'1025394146981244928'},
             {u'id': 1025394192762040320,
              u'lastActiveAtSeconds': 1533409949,
              u'promotedMetadata': {u'advertiserId': 87510313,
                                    u'political': True},
              u'serveable': True,
              u'tweetId': u'1025394192762040320'},
             {u'id': 1022535374025850881,
              u'lastActiveAtSeconds': 1532733856,
              u'promotedMetadata': {u'advertiserId': 87510313,
                                    u'political': True},
              u'serveable': True,
              u'tweetId': u'1022535374025850881'},
             {u'id': 1022535466560548864,
              u'lastActiveAtSeconds': 1532733856,
              u'promotedMetadata': {u'advertiserId': 87510313,
                                    u'political': True},
              u'serveable': True,
              u'tweetId': u'1022535466560548864'},
             {u'id': 1022535419282386944,
              u'lastActiveAtSeconds': 1532733856,
              u'promotedMetadata': {u'advertiserId': 87510313,
                                    u'political': True},
              u'serveable': True,
              u'tweetId': u'1022535419282386944'},
             {u'id': 1022533682744029184,
              u'lastActiveAtSeconds': 1532731990,
              u'promotedMetadata': {u'advertiserId': 87510313,
                                    u'political': True},
              u'serveable': True,
              u'tweetId': u'1022533682744029184'},
             {u'id': 1022533610732060672,
              u'lastActiveAtSeconds': 1532731990,
              u'promotedMetadata': {u'advertiserId': 87510313,
                                    u'political': True},
              u'serveable': True,
              u'tweetId': u'1022533610732060672'}],
 u'UserID': u'87510313'}
{u'ScreenName': u'RepKevinBrady',
 u'Tweets': [{u'id': 811378224550834178,
              u'lastActiveAtSeconds': 1533598290,
              u'promotedMetadata': {u'advertiserId': 19926675,
                                    u'political': False},
              u'serveable': True,
              u'tweetId': u'811378224550834178'}],
 u'UserID': u'19926675'}
{u'ScreenName': u'CathyMyersWI',
 u'Tweets': [{u'id': 1024336761277833216,
              u'lastActiveAtSeconds': 1533607035,
              u'promotedMetadata': {u'advertiserId': 179810978,
                                    u'political': False},
              u'serveable': True,
              u'tweetId': u'1024336761277833216'}],
 u'UserID': u'179810978'}
{u'ScreenName': u'VoteMarsha',
 u'Tweets': [{u'id': 1010320497177870338,
              u'lastActiveAtSeconds': 1531752160,
              u'promotedMetadata': {u'advertiserId': 63150856,
                                    u'political': True},
              u'serveable': True,
              u'tweetId': u'1010320497177870338'},
             {u'id': 1013839858622783489,
              u'lastActiveAtSeconds': 1530848732,
              u'promotedMetadata': {u'advertiserId': 63150856,
                                    u'political': True},
              u'serveable': True,
              u'tweetId': u'1013839858622783489'},
             {u'id': 1012411198686588929,
              u'lastActiveAtSeconds': 1530484756,
              u'promotedMetadata': {u'advertiserId': 63150856,
                                    u'political': True},
              u'serveable': True,
              u'tweetId': u'1012411198686588929'},
             {u'id': 1011957322199990272,
              u'lastActiveAtSeconds': 1530406155,
              u'promotedMetadata': {u'advertiserId': 63150856,
                                    u'political': True},
              u'serveable': True,
              u'tweetId': u'1011957322199990272'}],
 u'UserID': u'63150856'}
{u'ScreenName': u'SenGillibrand',
 u'Tweets': [{u'id': 966786420890222592,
              u'lastActiveAtSeconds': 1533607206,
              u'promotedMetadata': {u'advertiserId': 72198806,
                                    u'political': True},
              u'serveable': True,
              u'tweetId': u'966786420890222592'},
             {u'id': 966787324418842624,
              u'lastActiveAtSeconds': 1533607206,
              u'promotedMetadata': {u'advertiserId': 72198806,
                                    u'political': True},
              u'serveable': True,
              u'tweetId': u'966787324418842624'},
             {u'id': 966787578945875968,
              u'lastActiveAtSeconds': 1533607206,
              u'promotedMetadata': {u'advertiserId': 72198806,
                                    u'political': True},
              u'serveable': True,
              u'tweetId': u'966787578945875968'},
             {u'id': 966787731262095361,
              u'lastActiveAtSeconds': 1533607206,
              u'promotedMetadata': {u'advertiserId': 72198806,
                                    u'political': True},
              u'serveable': True,
              u'tweetId': u'966787731262095361'},
             {u'id': 966791414842474496,
              u'lastActiveAtSeconds': 1533607206,
              u'promotedMetadata': {u'advertiserId': 72198806,
                                    u'political': True},
              u'serveable': True,
              u'tweetId': u'966791414842474496'},
             {u'id': 966791454445076480,
              u'lastActiveAtSeconds': 1533607206,
              u'promotedMetadata': {u'advertiserId': 72198806,
                                    u'political': True},
              u'serveable': True,
              u'tweetId': u'966791454445076480'},
             {u'id': 966791499655475200,
              u'lastActiveAtSeconds': 1533607206,
              u'promotedMetadata': {u'advertiserId': 72198806,
                                    u'political': True},
              u'serveable': True,
              u'tweetId': u'966791499655475200'},
             {u'id': 1016809862473248770,
              u'lastActiveAtSeconds': 1533607206,
              u'promotedMetadata': {u'advertiserId': 72198806,
                                    u'political': True},
              u'serveable': True,
              u'tweetId': u'1016809862473248770'},
             {u'id': 1016809875207217152,
              u'lastActiveAtSeconds': 1533607206,
              u'promotedMetadata': {u'advertiserId': 72198806,
                                    u'political': True},
              u'serveable': True,
              u'tweetId': u'1016809875207217152'},
             {u'id': 1016809888003964929,
              u'lastActiveAtSeconds': 1533607206,
              u'promotedMetadata': {u'advertiserId': 72198806,
                                    u'political': True},
              u'serveable': True,
              u'tweetId': u'1016809888003964929'},
             {u'id': 1016809901308297216,
              u'lastActiveAtSeconds': 1533607206,
              u'promotedMetadata': {u'advertiserId': 72198806,
                                    u'political': True},
              u'serveable': True,
              u'tweetId': u'1016809901308297216'},
             {u'id': 966791550419197952,
              u'lastActiveAtSeconds': 1533607206,
              u'promotedMetadata': {u'advertiserId': 72198806,
                                    u'political': True},
              u'serveable': True,
              u'tweetId': u'966791550419197952'},
             {u'id': 1017161644080652288,
              u'lastActiveAtSeconds': 1532387097,
              u'promotedMetadata': {u'advertiserId': 72198806,
                                    u'political': True},
              u'serveable': True,
              u'tweetId': u'1017161644080652288'},
             {u'id': 1017161672455147520,
              u'lastActiveAtSeconds': 1532387097,
              u'promotedMetadata': {u'advertiserId': 72198806,
                                    u'political': True},
              u'serveable': True,
              u'tweetId': u'1017161672455147520'},
             {u'id': 1017161721624981504,
              u'lastActiveAtSeconds': 1532387097,
              u'promotedMetadata': {u'advertiserId': 72198806,
                                    u'political': True},
              u'serveable': True,
              u'tweetId': u'1017161721624981504'},
             {u'id': 1017161752776069120,
              u'lastActiveAtSeconds': 1532387097,
              u'promotedMetadata': {u'advertiserId': 72198806,
                                    u'political': True},
              u'serveable': True,
              u'tweetId': u'1017161752776069120'},
             {u'id': 1012134780769579009,
              u'lastActiveAtSeconds': 1530475744,
              u'promotedMetadata': {u'advertiserId': 72198806,
                                    u'political': True},
              u'serveable': True,
              u'tweetId': u'1012134780769579009'}],
 u'UserID': u'72198806'}
('Total time to get tweets contents: ', 1606.116399049759)
